#! /c/Source/iverilog-install/bin/vvp
:ivl_version "12.0 (devel)" "(s20150603-1539-g2693dd32b)";
:ivl_delay_selection "TYPICAL";
:vpi_time_precision - 12;
:vpi_module "C:\iverilog\lib\ivl\system.vpi";
:vpi_module "C:\iverilog\lib\ivl\vhdl_sys.vpi";
:vpi_module "C:\iverilog\lib\ivl\vhdl_textio.vpi";
:vpi_module "C:\iverilog\lib\ivl\v2005_math.vpi";
:vpi_module "C:\iverilog\lib\ivl\va_math.vpi";
:vpi_module "C:\iverilog\lib\ivl\v2009.vpi";
S_00000208d5b5af80 .scope package, "$unit" "$unit" 2 1;
 .timescale 0 0;
S_00000208d5b566a0 .scope module, "operacoes" "operacoes" 3 3;
 .timescale -9 -12;
P_00000208d5b56830 .param/l "OP_ADDI" 1 3 19, +C4<00000000000000000000000000000111>;
P_00000208d5b56868 .param/l "OP_ANDI" 1 3 16, +C4<00000000000000000000000000000100>;
P_00000208d5b568a0 .param/l "OP_BEQ" 1 3 18, +C4<00000000000000000000000000000110>;
P_00000208d5b568d8 .param/l "OP_LH" 1 3 12, +C4<00000000000000000000000000000000>;
P_00000208d5b56910 .param/l "OP_OR" 1 3 15, +C4<00000000000000000000000000000011>;
P_00000208d5b56948 .param/l "OP_SH" 1 3 13, +C4<00000000000000000000000000000001>;
P_00000208d5b56980 .param/l "OP_SRL" 1 3 17, +C4<00000000000000000000000000000101>;
P_00000208d5b569b8 .param/l "OP_SUB" 1 3 14, +C4<00000000000000000000000000000010>;
v00000208d5e06790_0 .var "clk", 0 0;
v00000208d5e06830 .array "data_mem", 1023 0, 31 0;
v00000208d5e07460_0 .var/i "instruction_count", 31 0;
v00000208d5e06ec0 .array/i "op_code", 1023 0, 31 0;
v00000208d5e076e0_0 .var "pc", 31 0;
v00000208d5e073c0 .array/i "rd", 1023 0, 31 0;
v00000208d5e07000 .array "registers", 31 0, 31 0;
v00000208d5e06d80_0 .var "reset", 0 0;
v00000208d5e075a0 .array/i "rs1", 1023 0, 31 0;
v00000208d5e07320 .array/i "rs2_or_imm", 1023 0, 31 0;
S_00000208d5db3fe0 .scope begin, "$unm_blk_17" "$unm_blk_17" 3 129, 3 129 0, S_00000208d5b566a0;
 .timescale -9 -12;
v00000208d5b57270_0 .var/i "i", 31 0;
S_00000208d5e05e80 .scope task, "execute_instruction" "execute_instruction" 3 101, 3 101 0, S_00000208d5b566a0;
 .timescale -9 -12;
v00000208d5d94510_0 .var/i "d", 31 0;
v00000208d5d945b0_0 .var/i "op", 31 0;
v00000208d5b56a00_0 .var/i "s1", 31 0;
v00000208d5b56aa0_0 .var/i "s2i", 31 0;
TD_operacoes.execute_instruction ;
    %ix/getv 4, v00000208d5e076e0_0;
    %load/vec4a v00000208d5e06ec0, 4;
    %store/vec4 v00000208d5d945b0_0, 0, 32;
    %ix/getv 4, v00000208d5e076e0_0;
    %load/vec4a v00000208d5e073c0, 4;
    %store/vec4 v00000208d5d94510_0, 0, 32;
    %ix/getv 4, v00000208d5e076e0_0;
    %load/vec4a v00000208d5e075a0, 4;
    %store/vec4 v00000208d5b56a00_0, 0, 32;
    %ix/getv 4, v00000208d5e076e0_0;
    %load/vec4a v00000208d5e07320, 4;
    %store/vec4 v00000208d5b56aa0_0, 0, 32;
    %load/vec4 v00000208d5d945b0_0;
    %dup/vec4;
    %pushi/vec4 7, 0, 32;
    %cmp/u;
    %jmp/1 T_0.0, 6;
    %dup/vec4;
    %pushi/vec4 0, 0, 32;
    %cmp/u;
    %jmp/1 T_0.1, 6;
    %dup/vec4;
    %pushi/vec4 1, 0, 32;
    %cmp/u;
    %jmp/1 T_0.2, 6;
    %dup/vec4;
    %pushi/vec4 2, 0, 32;
    %cmp/u;
    %jmp/1 T_0.3, 6;
    %dup/vec4;
    %pushi/vec4 3, 0, 32;
    %cmp/u;
    %jmp/1 T_0.4, 6;
    %dup/vec4;
    %pushi/vec4 4, 0, 32;
    %cmp/u;
    %jmp/1 T_0.5, 6;
    %dup/vec4;
    %pushi/vec4 5, 0, 32;
    %cmp/u;
    %jmp/1 T_0.6, 6;
    %dup/vec4;
    %pushi/vec4 6, 0, 32;
    %cmp/u;
    %jmp/1 T_0.7, 6;
    %jmp T_0.9;
T_0.0 ;
    %ix/getv/s 4, v00000208d5b56a00_0;
    %load/vec4a v00000208d5e07000, 4;
    %load/vec4 v00000208d5b56aa0_0;
    %add;
    %ix/getv/s 4, v00000208d5d94510_0;
    %store/vec4a v00000208d5e07000, 4, 0;
    %jmp T_0.9;
T_0.1 ;
    %ix/getv/s 5, v00000208d5b56a00_0;
    %load/vec4a v00000208d5e07000, 5;
    %load/vec4 v00000208d5b56aa0_0;
    %add;
    %ix/vec4 4;
    %load/vec4a v00000208d5e06830, 4;
    %parti/s 16, 0, 2;
    %pad/s 32;
    %ix/getv/s 4, v00000208d5d94510_0;
    %store/vec4a v00000208d5e07000, 4, 0;
    %jmp T_0.9;
T_0.2 ;
    %ix/getv/s 4, v00000208d5d94510_0;
    %load/vec4a v00000208d5e07000, 4;
    %parti/s 16, 0, 2;
    %ix/getv/s 5, v00000208d5b56a00_0;
    %load/vec4a v00000208d5e07000, 5;
    %load/vec4 v00000208d5b56aa0_0;
    %add;
    %ix/vec4 4;
    %flag_mov 8, 4;
    %ix/load 5, 0, 0;
    %flag_set/imm 4, 0;
    %flag_or 4, 8;
    %store/vec4a v00000208d5e06830, 4, 5;
    %jmp T_0.9;
T_0.3 ;
    %ix/getv/s 4, v00000208d5b56a00_0;
    %load/vec4a v00000208d5e07000, 4;
    %ix/getv/s 4, v00000208d5b56aa0_0;
    %load/vec4a v00000208d5e07000, 4;
    %sub;
    %ix/getv/s 4, v00000208d5d94510_0;
    %store/vec4a v00000208d5e07000, 4, 0;
    %jmp T_0.9;
T_0.4 ;
    %ix/getv/s 4, v00000208d5b56a00_0;
    %load/vec4a v00000208d5e07000, 4;
    %ix/getv/s 4, v00000208d5b56aa0_0;
    %load/vec4a v00000208d5e07000, 4;
    %or;
    %ix/getv/s 4, v00000208d5d94510_0;
    %store/vec4a v00000208d5e07000, 4, 0;
    %jmp T_0.9;
T_0.5 ;
    %ix/getv/s 4, v00000208d5b56a00_0;
    %load/vec4a v00000208d5e07000, 4;
    %load/vec4 v00000208d5b56aa0_0;
    %and;
    %ix/getv/s 4, v00000208d5d94510_0;
    %store/vec4a v00000208d5e07000, 4, 0;
    %jmp T_0.9;
T_0.6 ;
    %ix/getv/s 4, v00000208d5b56a00_0;
    %load/vec4a v00000208d5e07000, 4;
    %ix/getv/s 5, v00000208d5b56aa0_0;
    %load/vec4a v00000208d5e07000, 5;
    %pushi/vec4 31, 0, 32;
    %and;
    %ix/vec4 4;
    %shiftr 4;
    %ix/getv/s 4, v00000208d5d94510_0;
    %store/vec4a v00000208d5e07000, 4, 0;
    %jmp T_0.9;
T_0.7 ;
    %ix/getv/s 4, v00000208d5b56a00_0;
    %load/vec4a v00000208d5e07000, 4;
    %ix/getv/s 4, v00000208d5b56aa0_0;
    %load/vec4a v00000208d5e07000, 4;
    %cmp/e;
    %jmp/0xz  T_0.10, 4;
    %load/vec4 v00000208d5e076e0_0;
    %load/vec4 v00000208d5b56aa0_0;
    %add;
    %store/vec4 v00000208d5e076e0_0, 0, 32;
    %disable S_00000208d5e05e80;
T_0.10 ;
    %jmp T_0.9;
T_0.9 ;
    %pop/vec4 1;
    %load/vec4 v00000208d5e076e0_0;
    %addi 1, 0, 32;
    %store/vec4 v00000208d5e076e0_0, 0, 32;
    %end;
S_00000208d5e06010 .scope function.void, "load_instructions" "load_instructions" 3 26, 3 26 0, S_00000208d5b566a0;
 .timescale -9 -12;
v00000208d5b5b110_0 .var/i "code", 31 0;
v00000208d5b5b1b0_0 .var/i "file", 31 0;
v00000208d5e061a0_0 .var/str "filename";
v00000208d5e06240_0 .var/i "i", 31 0;
v00000208d5e062e0_0 .var "line", 1023 0;
v00000208d5e06380_0 .var/2s "tmp_rd", 31 0;
v00000208d5e06420_0 .var/2s "tmp_rs1", 31 0;
v00000208d5e064c0_0 .var/2s "tmp_rs2_or_imm", 31 0;
TD_operacoes.load_instructions ;
    %vpi_func 3 31 "$fopen" 32, v00000208d5e061a0_0, "r" {0 0 0};
    %store/vec4 v00000208d5b5b1b0_0, 0, 32;
    %load/vec4 v00000208d5b5b1b0_0;
    %cmpi/e 0, 0, 32;
    %jmp/0xz  T_1.12, 4;
    %vpi_call/w 3 33 "$display", "Erro ao abrir arquivo %s", v00000208d5e061a0_0 {0 0 0};
    %vpi_call/w 3 34 "$finish" {0 0 0};
T_1.12 ;
    %pushi/vec4 0, 0, 32;
    %store/vec4 v00000208d5e06240_0, 0, 32;
T_1.14 ;
    %vpi_func 3 38 "$feof" 32, v00000208d5b5b1b0_0 {0 0 0};
    %nor/r;
    %flag_set/vec4 8;
    %jmp/0xz T_1.15, 8;
    %vpi_func 3 39 "$fgets" 32, v00000208d5e062e0_0, v00000208d5b5b1b0_0 {0 0 0};
    %store/vec4 v00000208d5b5b110_0, 0, 32;
    %load/vec4 v00000208d5b5b110_0;
    %cmpi/ne 0, 0, 32;
    %jmp/0xz  T_1.16, 4;
    %vpi_func 3 41 "$sscanf" 32, v00000208d5e062e0_0, "addi x%d, x%d, %d", v00000208d5e06380_0, v00000208d5e06420_0, v00000208d5e064c0_0 {0 0 0};
    %cmpi/ne 0, 0, 32;
    %jmp/0xz  T_1.18, 4;
    %pushi/vec4 7, 0, 32;
    %ix/getv/s 4, v00000208d5e06240_0;
    %store/vec4a v00000208d5e06ec0, 4, 0;
    %load/vec4 v00000208d5e06380_0;
    %ix/getv/s 4, v00000208d5e06240_0;
    %store/vec4a v00000208d5e073c0, 4, 0;
    %load/vec4 v00000208d5e06420_0;
    %ix/getv/s 4, v00000208d5e06240_0;
    %store/vec4a v00000208d5e075a0, 4, 0;
    %load/vec4 v00000208d5e064c0_0;
    %ix/getv/s 4, v00000208d5e06240_0;
    %store/vec4a v00000208d5e07320, 4, 0;
    %jmp T_1.19;
T_1.18 ;
    %vpi_func 3 46 "$sscanf" 32, v00000208d5e062e0_0, "lh x%d, %d(x%d)", v00000208d5e06380_0, v00000208d5e064c0_0, v00000208d5e06420_0 {0 0 0};
    %cmpi/ne 0, 0, 32;
    %jmp/0xz  T_1.20, 4;
    %pushi/vec4 0, 0, 32;
    %ix/getv/s 4, v00000208d5e06240_0;
    %store/vec4a v00000208d5e06ec0, 4, 0;
    %load/vec4 v00000208d5e06380_0;
    %ix/getv/s 4, v00000208d5e06240_0;
    %store/vec4a v00000208d5e073c0, 4, 0;
    %load/vec4 v00000208d5e06420_0;
    %ix/getv/s 4, v00000208d5e06240_0;
    %store/vec4a v00000208d5e075a0, 4, 0;
    %load/vec4 v00000208d5e064c0_0;
    %ix/getv/s 4, v00000208d5e06240_0;
    %store/vec4a v00000208d5e07320, 4, 0;
    %jmp T_1.21;
T_1.20 ;
    %vpi_func 3 51 "$sscanf" 32, v00000208d5e062e0_0, "sh x%d, %d(x%d)", v00000208d5e064c0_0, v00000208d5e06420_0, v00000208d5e06380_0 {0 0 0};
    %cmpi/ne 0, 0, 32;
    %jmp/0xz  T_1.22, 4;
    %pushi/vec4 1, 0, 32;
    %ix/getv/s 4, v00000208d5e06240_0;
    %store/vec4a v00000208d5e06ec0, 4, 0;
    %load/vec4 v00000208d5e06380_0;
    %ix/getv/s 4, v00000208d5e06240_0;
    %store/vec4a v00000208d5e073c0, 4, 0;
    %load/vec4 v00000208d5e06420_0;
    %ix/getv/s 4, v00000208d5e06240_0;
    %store/vec4a v00000208d5e075a0, 4, 0;
    %load/vec4 v00000208d5e064c0_0;
    %ix/getv/s 4, v00000208d5e06240_0;
    %store/vec4a v00000208d5e07320, 4, 0;
    %jmp T_1.23;
T_1.22 ;
    %vpi_func 3 56 "$sscanf" 32, v00000208d5e062e0_0, "sub x%d, x%d, x%d", v00000208d5e06380_0, v00000208d5e06420_0, v00000208d5e064c0_0 {0 0 0};
    %cmpi/ne 0, 0, 32;
    %jmp/0xz  T_1.24, 4;
    %pushi/vec4 2, 0, 32;
    %ix/getv/s 4, v00000208d5e06240_0;
    %store/vec4a v00000208d5e06ec0, 4, 0;
    %load/vec4 v00000208d5e06380_0;
    %ix/getv/s 4, v00000208d5e06240_0;
    %store/vec4a v00000208d5e073c0, 4, 0;
    %load/vec4 v00000208d5e06420_0;
    %ix/getv/s 4, v00000208d5e06240_0;
    %store/vec4a v00000208d5e075a0, 4, 0;
    %load/vec4 v00000208d5e064c0_0;
    %ix/getv/s 4, v00000208d5e06240_0;
    %store/vec4a v00000208d5e07320, 4, 0;
    %jmp T_1.25;
T_1.24 ;
    %vpi_func 3 61 "$sscanf" 32, v00000208d5e062e0_0, "or x%d, x%d, x%d", v00000208d5e06380_0, v00000208d5e06420_0, v00000208d5e064c0_0 {0 0 0};
    %cmpi/ne 0, 0, 32;
    %jmp/0xz  T_1.26, 4;
    %pushi/vec4 3, 0, 32;
    %ix/getv/s 4, v00000208d5e06240_0;
    %store/vec4a v00000208d5e06ec0, 4, 0;
    %load/vec4 v00000208d5e06380_0;
    %ix/getv/s 4, v00000208d5e06240_0;
    %store/vec4a v00000208d5e073c0, 4, 0;
    %load/vec4 v00000208d5e06420_0;
    %ix/getv/s 4, v00000208d5e06240_0;
    %store/vec4a v00000208d5e075a0, 4, 0;
    %load/vec4 v00000208d5e064c0_0;
    %ix/getv/s 4, v00000208d5e06240_0;
    %store/vec4a v00000208d5e07320, 4, 0;
    %jmp T_1.27;
T_1.26 ;
    %vpi_func 3 66 "$sscanf" 32, v00000208d5e062e0_0, "andi x%d, x%d, %d", v00000208d5e06380_0, v00000208d5e06420_0, v00000208d5e064c0_0 {0 0 0};
    %cmpi/ne 0, 0, 32;
    %jmp/0xz  T_1.28, 4;
    %pushi/vec4 4, 0, 32;
    %ix/getv/s 4, v00000208d5e06240_0;
    %store/vec4a v00000208d5e06ec0, 4, 0;
    %load/vec4 v00000208d5e06380_0;
    %ix/getv/s 4, v00000208d5e06240_0;
    %store/vec4a v00000208d5e073c0, 4, 0;
    %load/vec4 v00000208d5e06420_0;
    %ix/getv/s 4, v00000208d5e06240_0;
    %store/vec4a v00000208d5e075a0, 4, 0;
    %load/vec4 v00000208d5e064c0_0;
    %ix/getv/s 4, v00000208d5e06240_0;
    %store/vec4a v00000208d5e07320, 4, 0;
    %jmp T_1.29;
T_1.28 ;
    %vpi_func 3 71 "$sscanf" 32, v00000208d5e062e0_0, "srl x%d, x%d, x%d", v00000208d5e06380_0, v00000208d5e06420_0, v00000208d5e064c0_0 {0 0 0};
    %cmpi/ne 0, 0, 32;
    %jmp/0xz  T_1.30, 4;
    %pushi/vec4 5, 0, 32;
    %ix/getv/s 4, v00000208d5e06240_0;
    %store/vec4a v00000208d5e06ec0, 4, 0;
    %load/vec4 v00000208d5e06380_0;
    %ix/getv/s 4, v00000208d5e06240_0;
    %store/vec4a v00000208d5e073c0, 4, 0;
    %load/vec4 v00000208d5e06420_0;
    %ix/getv/s 4, v00000208d5e06240_0;
    %store/vec4a v00000208d5e075a0, 4, 0;
    %load/vec4 v00000208d5e064c0_0;
    %ix/getv/s 4, v00000208d5e06240_0;
    %store/vec4a v00000208d5e07320, 4, 0;
    %jmp T_1.31;
T_1.30 ;
    %vpi_func 3 76 "$sscanf" 32, v00000208d5e062e0_0, "beq x%d, x%d, %d", v00000208d5e06420_0, v00000208d5e064c0_0, v00000208d5e06380_0 {0 0 0};
    %cmpi/ne 0, 0, 32;
    %jmp/0xz  T_1.32, 4;
    %pushi/vec4 6, 0, 32;
    %ix/getv/s 4, v00000208d5e06240_0;
    %store/vec4a v00000208d5e06ec0, 4, 0;
    %pushi/vec4 4294967295, 0, 32;
    %ix/getv/s 4, v00000208d5e06240_0;
    %store/vec4a v00000208d5e073c0, 4, 0;
    %load/vec4 v00000208d5e06420_0;
    %ix/getv/s 4, v00000208d5e06240_0;
    %store/vec4a v00000208d5e075a0, 4, 0;
    %load/vec4 v00000208d5e064c0_0;
    %ix/getv/s 4, v00000208d5e06240_0;
    %store/vec4a v00000208d5e07320, 4, 0;
    %jmp T_1.33;
T_1.32 ;
    %vpi_call/w 3 82 "$display", "Instrucao nao reconhecida: %s", v00000208d5e062e0_0 {0 0 0};
    %vpi_call/w 3 83 "$finish" {0 0 0};
T_1.33 ;
T_1.31 ;
T_1.29 ;
T_1.27 ;
T_1.25 ;
T_1.23 ;
T_1.21 ;
T_1.19 ;
    %load/vec4 v00000208d5e06240_0;
    %addi 1, 0, 32;
    %store/vec4 v00000208d5e06240_0, 0, 32;
T_1.16 ;
    %jmp T_1.14;
T_1.15 ;
    %load/vec4 v00000208d5e06240_0;
    %store/vec4 v00000208d5e07460_0, 0, 32;
    %vpi_call/w 3 89 "$fclose", v00000208d5b5b1b0_0 {0 0 0};
    %end;
S_00000208d5e06560 .scope task, "print_registers" "print_registers" 3 92, 3 92 0, S_00000208d5b566a0;
 .timescale -9 -12;
v00000208d5e066f0_0 .var/i "i", 31 0;
TD_operacoes.print_registers ;
    %pushi/vec4 0, 0, 32;
    %store/vec4 v00000208d5e066f0_0, 0, 32;
T_2.34 ;
    %load/vec4 v00000208d5e066f0_0;
    %cmpi/s 32, 0, 32;
    %jmp/0xz T_2.35, 5;
    %vpi_call/w 3 96 "$display", "Register[x%0d]: %0d", v00000208d5e066f0_0, &A<v00000208d5e07000, v00000208d5e066f0_0 > {0 0 0};
    %load/vec4 v00000208d5e066f0_0;
    %addi 1, 0, 32;
    %store/vec4 v00000208d5e066f0_0, 0, 32;
    %jmp T_2.34;
T_2.35 ;
    %end;
    .scope S_00000208d5b566a0;
T_3 ;
    %delay 5000, 0;
    %load/vec4 v00000208d5e06790_0;
    %inv;
    %store/vec4 v00000208d5e06790_0, 0, 1;
    %jmp T_3;
    .thread T_3;
    .scope S_00000208d5b566a0;
T_4 ;
    %fork t_1, S_00000208d5db3fe0;
    %jmp t_0;
    .scope S_00000208d5db3fe0;
t_1 ;
    %pushi/vec4 0, 0, 1;
    %store/vec4 v00000208d5e06790_0, 0, 1;
    %pushi/vec4 1, 0, 1;
    %store/vec4 v00000208d5e06d80_0, 0, 1;
    %pushi/vec4 0, 0, 32;
    %store/vec4 v00000208d5e076e0_0, 0, 32;
    %pushi/vec4 0, 0, 32;
    %store/vec4 v00000208d5b57270_0, 0, 32;
T_4.0 ;
    %load/vec4 v00000208d5b57270_0;
    %cmpi/s 32, 0, 32;
    %jmp/0xz T_4.1, 5;
    %pushi/vec4 0, 0, 32;
    %ix/getv/s 4, v00000208d5b57270_0;
    %store/vec4a v00000208d5e07000, 4, 0;
    %load/vec4 v00000208d5b57270_0;
    %addi 1, 0, 32;
    %store/vec4 v00000208d5b57270_0, 0, 32;
    %jmp T_4.0;
T_4.1 ;
    %pushi/vec4 0, 0, 32;
    %store/vec4 v00000208d5b57270_0, 0, 32;
T_4.2 ;
    %load/vec4 v00000208d5b57270_0;
    %cmpi/s 1024, 0, 32;
    %jmp/0xz T_4.3, 5;
    %pushi/vec4 0, 0, 32;
    %ix/getv/s 4, v00000208d5b57270_0;
    %store/vec4a v00000208d5e06830, 4, 0;
    %load/vec4 v00000208d5b57270_0;
    %addi 1, 0, 32;
    %store/vec4 v00000208d5b57270_0, 0, 32;
    %jmp T_4.2;
T_4.3 ;
    %pushi/str "instrucoes.txt";
    %store/str v00000208d5e061a0_0;
    %callf/void TD_operacoes.load_instructions, S_00000208d5e06010;
    %delay 10000, 0;
    %pushi/vec4 0, 0, 1;
    %store/vec4 v00000208d5e06d80_0, 0, 1;
T_4.4 ;
    %load/vec4 v00000208d5e076e0_0;
    %load/vec4 v00000208d5e07460_0;
    %cmp/u;
    %jmp/0xz T_4.5, 5;
    %fork TD_operacoes.execute_instruction, S_00000208d5e05e80;
    %join;
    %delay 10000, 0;
    %jmp T_4.4;
T_4.5 ;
    %fork TD_operacoes.print_registers, S_00000208d5e06560;
    %join;
    %vpi_call/w 3 150 "$finish" {0 0 0};
    %end;
    .scope S_00000208d5b566a0;
t_0 %join;
    %end;
    .thread T_4;
# The file index is used to find the file name in the following table.
:file_names 4;
    "N/A";
    "<interactive>";
    "-";
    "operacoes.sv";
